<?xml version="1.0" encoding="UTF-8"?>
<testng-results skipped="0" failed="0" total="1" passed="1">
  <reporter-output>
  </reporter-output>
  <suite name="Default suite" duration-ms="79040" started-at="2015-12-23T14:43:41Z" finished-at="2015-12-23T14:45:00Z">
    <groups>
    </groups>
    <test name="Default test" duration-ms="79040" started-at="2015-12-23T14:43:41Z" finished-at="2015-12-23T14:45:00Z">
      <class name="TestSuite.TestConfig">
        <test-method status="PASS" signature="startAppium()[pri:0, instance:TestSuite.TestConfig@15b5592]" name="startAppium" is-config="true" duration-ms="46373" started-at="2015-12-23T20:13:41Z" finished-at="2015-12-23T20:14:27Z">
          <reporter-output>
          </reporter-output>
        </test-method> <!-- startAppium -->
        <test-method status="PASS" signature="Registration()[pri:0, instance:TestSuite.TestConfig@15b5592]" name="Registration" duration-ms="25933" started-at="2015-12-23T20:14:27Z" finished-at="2015-12-23T20:14:53Z">
          <reporter-output>
          </reporter-output>
        </test-method> <!-- Registration -->
        <test-method status="PASS" signature="tearDown()[pri:0, instance:TestSuite.TestConfig@15b5592]" name="tearDown" is-config="true" duration-ms="4352" started-at="2015-12-23T20:14:55Z" finished-at="2015-12-23T20:14:59Z">
          <reporter-output>
          </reporter-output>
        </test-method> <!-- tearDown -->
        <test-method status="PASS" signature="tear()[pri:0, instance:TestSuite.TestConfig@15b5592]" name="tear" is-config="true" duration-ms="439" started-at="2015-12-23T20:14:59Z" finished-at="2015-12-23T20:15:00Z">
          <reporter-output>
          </reporter-output>
        </test-method> <!-- tear -->
        <test-method status="PASS" signature="tearDown()[pri:0, instance:TestSuite.TestConfig@15b5592]" name="tearDown" is-config="true" duration-ms="5416" started-at="2015-12-23T20:15:00Z" finished-at="2015-12-23T20:15:05Z">
          <reporter-output>
          </reporter-output>
        </test-method> <!-- tearDown -->
      </class> <!-- TestSuite.TestConfig -->
    </test> <!-- Default test -->
  </suite> <!-- Default suite -->
</testng-results>
